Performing C++ SOURCE FILE Test CMAKE_HAVE_LIBC_PTHREAD failed with the following output:
Change Dir: /workspace/thread_pool/build/CMakeFiles/CMakeTmp

Run Build Command(s):/usr/bin/ninja cmTC_b1365 && [1/2] Building CXX object CMakeFiles/cmTC_b1365.dir/src.cxx.o
[2/2] Linking CXX executable cmTC_b1365
FAILED: cmTC_b1365 
: && /usr/bin/aarch64-linux-gnu-g++  -DCMAKE_HAVE_LIBC_PTHREAD   CMakeFiles/cmTC_b1365.dir/src.cxx.o  -o cmTC_b1365   && :
/usr/bin/ld: CMakeFiles/cmTC_b1365.dir/src.cxx.o: in function `main':
src.cxx:(.text+0x48): undefined reference to `pthread_create'
/usr/bin/ld: src.cxx:(.text+0x50): undefined reference to `pthread_detach'
/usr/bin/ld: src.cxx:(.text+0x5c): undefined reference to `pthread_join'
collect2: error: ld returned 1 exit status
ninja: build stopped: subcommand failed.


Source file was:
#include <pthread.h>

void* test_func(void* data)
{
  return data;
}

int main(void)
{
  pthread_t thread;
  pthread_create(&thread, NULL, test_func, NULL);
  pthread_detach(thread);
  pthread_join(thread, NULL);
  pthread_atfork(NULL, NULL, NULL);
  pthread_exit(NULL);

  return 0;
}

Determining if the function pthread_create exists in the pthreads failed with the following output:
Change Dir: /workspace/thread_pool/build/CMakeFiles/CMakeTmp

Run Build Command(s):/usr/bin/ninja cmTC_867ea && [1/2] Building CXX object CMakeFiles/cmTC_867ea.dir/CheckFunctionExists.cxx.o
[2/2] Linking CXX executable cmTC_867ea
FAILED: cmTC_867ea 
: && /usr/bin/aarch64-linux-gnu-g++  -DCHECK_FUNCTION_EXISTS=pthread_create   CMakeFiles/cmTC_867ea.dir/CheckFunctionExists.cxx.o  -o cmTC_867ea  -lpthreads && :
/usr/bin/ld: cannot find -lpthreads
collect2: error: ld returned 1 exit status
ninja: build stopped: subcommand failed.



